<?xml version="1.0" encoding="UTF-8"?>
<testsuite name="com.example.test.SampleTest" time="0.426" tests="3" errors="1" skipped="0" failures="0">
  <properties>
[...]
</properties>
  <testcase name="deleteByStudentId" classname="com.example.test.SampleTest" time="0.185">
    <error message="No class com.example.entity.Student entity with id 17 exists!" type="org.springframework.dao.EmptyResultDataAccessException">org.springframework.dao.EmptyResultDataAccessException: No class com.example.entity.Student entity with id 17 exists!
	at org.springframework.data.jpa.repository.support.SimpleJpaRepository.delete(SimpleJpaRepository.java:147)
	at sun.reflect.NativeMethodAccessorImpl.invoke0(Native Method)
	at sun.reflect.NativeMethodAccessorImpl.invoke(NativeMethodAccessorImpl.java:62)
	at sun.reflect.DelegatingMethodAccessorImpl.invoke(DelegatingMethodAccessorImpl.java:43)
	at java.lang.reflect.Method.invoke(Method.java:498)
	at org.springframework.data.repository.core.support.RepositoryFactorySupport$QueryExecutorMethodInterceptor.executeMethodOn(RepositoryFactorySupport.java:483)
	at org.springframework.data.repository.core.support.RepositoryFactorySupport$QueryExecutorMethodInterceptor.doInvoke(RepositoryFactorySupport.java:468)
	at org.springframework.data.repository.core.support.RepositoryFactorySupport$QueryExecutorMethodInterceptor.invoke(RepositoryFactorySupport.java:440)
	at org.springframework.aop.framework.ReflectiveMethodInvocation.proceed(ReflectiveMethodInvocation.java:179)
	at org.springframework.data.projection.DefaultMethodInvokingMethodInterceptor.invoke(DefaultMethodInvokingMethodInterceptor.java:61)
	at org.springframework.aop.framework.ReflectiveMethodInvocation.proceed(ReflectiveMethodInvocation.java:179)
	at org.springframework.transaction.interceptor.TransactionInterceptor$1.proceedWithInvocation(TransactionInterceptor.java:99)
	at org.springframework.transaction.interceptor.TransactionAspectSupport.invokeWithinTransaction(TransactionAspectSupport.java:281)
	at org.springframework.transaction.interceptor.TransactionInterceptor.invoke(TransactionInterceptor.java:96)
	at org.springframework.aop.framework.ReflectiveMethodInvocation.proceed(ReflectiveMethodInvocation.java:179)
	at org.springframework.dao.support.PersistenceExceptionTranslationInterceptor.invoke(PersistenceExceptionTranslationInterceptor.java:136)
	at org.springframework.aop.framework.ReflectiveMethodInvocation.proceed(ReflectiveMethodInvocation.java:179)
	at org.springframework.data.jpa.repository.support.CrudMethodMetadataPostProcessor$CrudMethodMetadataPopulatingMethodInterceptor.invoke(CrudMethodMetadataPostProcessor.java:131)
	at org.springframework.aop.framework.ReflectiveMethodInvocation.proceed(ReflectiveMethodInvocation.java:179)
	at org.springframework.aop.interceptor.ExposeInvocationInterceptor.invoke(ExposeInvocationInterceptor.java:92)
	at org.springframework.aop.framework.ReflectiveMethodInvocation.proceed(ReflectiveMethodInvocation.java:179)
	at org.springframework.aop.framework.JdkDynamicAopProxy.invoke(JdkDynamicAopProxy.java:208)
	at com.sun.proxy.$Proxy88.delete(Unknown Source)
	at com.example.test.SampleTest.deleteByStudentId(SampleTest.java:56)
</error>
    <system-out><![CDATA[23:09:36.622 [main] DEBUG o.s.t.c.j.SpringJUnit4ClassRunner - SpringJUnit4ClassRunner constructor called with [class com.example.test.SampleTest]
23:09:36.646 [main] DEBUG o.s.test.context.BootstrapUtils - Instantiating CacheAwareContextLoaderDelegate from class [org.springframework.test.context.cache.DefaultCacheAwareContextLoaderDelegate]
23:09:36.666 [main] DEBUG o.s.test.context.BootstrapUtils - Instantiating BootstrapContext using constructor [public org.springframework.test.context.support.DefaultBootstrapContext(java.lang.Class,org.springframework.test.context.CacheAwareContextLoaderDelegate)]
23:09:36.694 [main] DEBUG o.s.test.context.BootstrapUtils - Instantiating TestContextBootstrapper for test class [com.example.test.SampleTest] from class [org.springframework.test.context.web.WebTestContextBootstrapper]
23:09:36.730 [main] DEBUG o.s.t.c.w.WebTestContextBootstrapper - Found explicit ContextLoader class [org.springframework.boot.test.SpringApplicationContextLoader] for context configuration attributes [ContextConfigurationAttributes@887af79 declaringClass = 'com.example.test.SampleTest', classes = '{class com.example.DemoApplication}', locations = '{}', inheritLocations = true, initializers = '{}', inheritInitializers = true, name = [null], contextLoaderClass = 'org.springframework.boot.test.SpringApplicationContextLoader']
23:09:36.754 [main] DEBUG o.s.t.c.s.AbstractContextLoader - Did not detect default resource location for test class [com.example.test.SampleTest]: class path resource [com/example/test/SampleTest-context.xml] does not exist
23:09:36.754 [main] DEBUG o.s.t.c.s.AbstractContextLoader - Did not detect default resource location for test class [com.example.test.SampleTest]: class path resource [com/example/test/SampleTestContext.groovy] does not exist
23:09:36.758 [main] INFO  o.s.t.c.s.AbstractContextLoader - Could not detect default resource locations for test class [com.example.test.SampleTest]: no resource found for suffixes {-context.xml, Context.groovy}.
23:09:36.762 [main] DEBUG o.s.t.c.support.ActiveProfilesUtils - Could not find an 'annotation declaring class' for annotation type [org.springframework.test.context.ActiveProfiles] and class [com.example.test.SampleTest]
23:09:36.766 [main] DEBUG o.s.t.c.w.WebTestContextBootstrapper - @TestExecutionListeners is not present for class [com.example.test.SampleTest]: using defaults.
23:09:36.834 [main] INFO  o.s.t.c.w.WebTestContextBootstrapper - Loaded default TestExecutionListener class names from location [META-INF/spring.factories]: [org.springframework.test.context.web.ServletTestExecutionListener, org.springframework.test.context.support.DirtiesContextBeforeModesTestExecutionListener, org.springframework.test.context.support.DependencyInjectionTestExecutionListener, org.springframework.test.context.support.DirtiesContextTestExecutionListener, org.springframework.test.context.transaction.TransactionalTestExecutionListener, org.springframework.test.context.jdbc.SqlScriptsTestExecutionListener]
23:09:36.934 [main] INFO  o.s.t.c.w.WebTestContextBootstrapper - Using TestExecutionListeners: [org.springframework.test.context.web.ServletTestExecutionListener@12cdcf4, org.springframework.test.context.support.DirtiesContextBeforeModesTestExecutionListener@5bcea91b, org.springframework.test.context.support.DependencyInjectionTestExecutionListener@5f3a4b84, org.springframework.test.context.support.DirtiesContextTestExecutionListener@27f723, org.springframework.test.context.transaction.TransactionalTestExecutionListener@670b40af, org.springframework.test.context.jdbc.SqlScriptsTestExecutionListener@4923ab24]
23:09:36.938 [main] DEBUG o.s.t.annotation.ProfileValueUtils - Retrieved @ProfileValueSourceConfiguration [null] for test class [com.example.test.SampleTest]
23:09:36.938 [main] DEBUG o.s.t.annotation.ProfileValueUtils - Retrieved ProfileValueSource type [class org.springframework.test.annotation.SystemProfileValueSource] for class [com.example.test.SampleTest]
23:09:36.942 [main] DEBUG o.s.t.c.j.SpringJUnit4ClassRunner - SpringJUnit4ClassRunner constructor called with [class com.example.test.SampleTest]
23:09:36.942 [main] DEBUG o.s.test.context.BootstrapUtils - Instantiating CacheAwareContextLoaderDelegate from class [org.springframework.test.context.cache.DefaultCacheAwareContextLoaderDelegate]
23:09:36.942 [main] DEBUG o.s.test.context.BootstrapUtils - Instantiating BootstrapContext using constructor [public org.springframework.test.context.support.DefaultBootstrapContext(java.lang.Class,org.springframework.test.context.CacheAwareContextLoaderDelegate)]
23:09:36.946 [main] DEBUG o.s.test.context.BootstrapUtils - Instantiating TestContextBootstrapper for test class [com.example.test.SampleTest] from class [org.springframework.test.context.web.WebTestContextBootstrapper]
23:09:36.950 [main] DEBUG o.s.t.c.w.WebTestContextBootstrapper - Found explicit ContextLoader class [org.springframework.boot.test.SpringApplicationContextLoader] for context configuration attributes [ContextConfigurationAttributes@4d3167f4 declaringClass = 'com.example.test.SampleTest', classes = '{class com.example.DemoApplication}', locations = '{}', inheritLocations = true, initializers = '{}', inheritInitializers = true, name = [null], contextLoaderClass = 'org.springframework.boot.test.SpringApplicationContextLoader']
23:09:36.950 [main] DEBUG o.s.t.c.s.AbstractContextLoader - Did not detect default resource location for test class [com.example.test.SampleTest]: class path resource [com/example/test/SampleTest-context.xml] does not exist
23:09:36.950 [main] DEBUG o.s.t.c.s.AbstractContextLoader - Did not detect default resource location for test class [com.example.test.SampleTest]: class path resource [com/example/test/SampleTestContext.groovy] does not exist
23:09:36.954 [main] INFO  o.s.t.c.s.AbstractContextLoader - Could not detect default resource locations for test class [com.example.test.SampleTest]: no resource found for suffixes {-context.xml, Context.groovy}.
23:09:36.954 [main] DEBUG o.s.t.c.support.ActiveProfilesUtils - Could not find an 'annotation declaring class' for annotation type [org.springframework.test.context.ActiveProfiles] and class [com.example.test.SampleTest]
23:09:36.954 [main] DEBUG o.s.t.c.w.WebTestContextBootstrapper - @TestExecutionListeners is not present for class [com.example.test.SampleTest]: using defaults.
23:09:36.958 [main] INFO  o.s.t.c.w.WebTestContextBootstrapper - Loaded default TestExecutionListener class names from location [META-INF/spring.factories]: [org.springframework.test.context.web.ServletTestExecutionListener, org.springframework.test.context.support.DirtiesContextBeforeModesTestExecutionListener, org.springframework.test.context.support.DependencyInjectionTestExecutionListener, org.springframework.test.context.support.DirtiesContextTestExecutionListener, org.springframework.test.context.transaction.TransactionalTestExecutionListener, org.springframework.test.context.jdbc.SqlScriptsTestExecutionListener]
23:09:36.962 [main] INFO  o.s.t.c.w.WebTestContextBootstrapper - Using TestExecutionListeners: [org.springframework.test.context.web.ServletTestExecutionListener@74ad1f1f, org.springframework.test.context.support.DirtiesContextBeforeModesTestExecutionListener@6a1aab78, org.springframework.test.context.support.DependencyInjectionTestExecutionListener@462d5aee, org.springframework.test.context.support.DirtiesContextTestExecutionListener@69b0fd6f, org.springframework.test.context.transaction.TransactionalTestExecutionListener@757942a1, org.springframework.test.context.jdbc.SqlScriptsTestExecutionListener@4a87761d]
23:09:36.962 [main] DEBUG o.s.t.annotation.ProfileValueUtils - Retrieved @ProfileValueSourceConfiguration [null] for test class [com.example.test.SampleTest]
23:09:36.962 [main] DEBUG o.s.t.annotation.ProfileValueUtils - Retrieved ProfileValueSource type [class org.springframework.test.annotation.SystemProfileValueSource] for class [com.example.test.SampleTest]
23:09:36.962 [main] DEBUG o.s.t.annotation.ProfileValueUtils - Retrieved @ProfileValueSourceConfiguration [null] for test class [com.example.test.SampleTest]
23:09:36.962 [main] DEBUG o.s.t.annotation.ProfileValueUtils - Retrieved ProfileValueSource type [class org.springframework.test.annotation.SystemProfileValueSource] for class [com.example.test.SampleTest]
23:09:36.966 [main] DEBUG o.s.t.c.s.AbstractDirtiesContextTestExecutionListener - Before test class: context [DefaultTestContext@52f759d7 testClass = SampleTest, testInstance = [null], testMethod = [null], testException = [null], mergedContextConfiguration = [WebMergedContextConfiguration@7cbd213e testClass = SampleTest, locations = '{}', classes = '{class com.example.DemoApplication}', contextInitializerClasses = '[]', activeProfiles = '{}', propertySourceLocations = '{}', propertySourceProperties = '{}', resourceBasePath = 'src/main/webapp', contextLoader = 'org.springframework.boot.test.SpringApplicationContextLoader', parent = [null]]], class annotated with @DirtiesContext [false] with mode [null].
23:09:36.970 [main] DEBUG o.s.t.annotation.ProfileValueUtils - Retrieved @ProfileValueSourceConfiguration [null] for test class [com.example.test.SampleTest]
23:09:36.970 [main] DEBUG o.s.t.annotation.ProfileValueUtils - Retrieved ProfileValueSource type [class org.springframework.test.annotation.SystemProfileValueSource] for class [com.example.test.SampleTest]
23:09:37.238 [main] DEBUG o.s.core.env.StandardEnvironment - Adding [systemProperties] PropertySource with lowest search precedence
23:09:37.242 [main] DEBUG o.s.core.env.StandardEnvironment - Adding [systemEnvironment] PropertySource with lowest search precedence
23:09:37.242 [main] DEBUG o.s.core.env.StandardEnvironment - Initialized StandardEnvironment with PropertySources [systemProperties,systemEnvironment]
23:09:37.246 [main] DEBUG o.s.core.env.StandardEnvironment - Adding [integrationTest] PropertySource with search precedence immediately lower than [systemEnvironment]

  .   ____          _            __ _ _
 /\\ / ___'_ __ _ _(_)_ __  __ _ \ \ \ \
( ( )\___ | '_ | '_| | '_ \/ _` | \ \ \ \
 \\/  ___)| |_)| | | | | || (_| |  ) ) ) )
  '  |____| .__|_| |_|_| |_\__, | / / / /
 =========|_|==============|___/=/_/_/_/
 :: Spring Boot ::        (v1.3.3.RELEASE)

2017-03-22 23:09:38.417  INFO 6512 --- [           main] com.example.test.SampleTest              : Starting SampleTest on idea-PC with PID 6512 (C:\Users\VENKATA\Downloads\StudentEnrolment\target\test-classes started by VENKATA in C:\Users\VENKATA\Downloads\StudentEnrolment)
2017-03-22 23:09:38.417  INFO 6512 --- [           main] com.example.test.SampleTest              : No active profile set, falling back to default profiles: default
2017-03-22 23:09:38.757  INFO 6512 --- [           main] o.s.w.c.s.GenericWebApplicationContext   : Refreshing org.springframework.web.context.support.GenericWebApplicationContext@6069db50: startup date [Wed Mar 22 23:09:38 EDT 2017]; root of context hierarchy
2017-03-22 23:09:42.939  INFO 6512 --- [           main] f.a.AutowiredAnnotationBeanPostProcessor : JSR-330 'javax.inject.Inject' annotation found and supported for autowiring
2017-03-22 23:09:43.137  INFO 6512 --- [           main] trationDelegate$BeanPostProcessorChecker : Bean 'org.springframework.transaction.annotation.ProxyTransactionManagementConfiguration' of type [class org.springframework.transaction.annotation.ProxyTransactionManagementConfiguration$$EnhancerBySpringCGLIB$$6de234de] is not eligible for getting processed by all BeanPostProcessors (for example: not eligible for auto-proxying)
2017-03-22 23:09:44.146  INFO 6512 --- [           main] j.LocalContainerEntityManagerFactoryBean : Building JPA container EntityManagerFactory for persistence unit 'default'
2017-03-22 23:09:44.243  INFO 6512 --- [           main] o.hibernate.jpa.internal.util.LogHelper  : HHH000204: Processing PersistenceUnitInfo [
	name: default
	...]
2017-03-22 23:09:44.419  INFO 6512 --- [           main] org.hibernate.Version                    : HHH000412: Hibernate Core {4.3.11.Final}
2017-03-22 23:09:44.423  INFO 6512 --- [           main] org.hibernate.cfg.Environment            : HHH000206: hibernate.properties not found
2017-03-22 23:09:44.427  INFO 6512 --- [           main] org.hibernate.cfg.Environment            : HHH000021: Bytecode provider name : javassist
2017-03-22 23:09:44.975  INFO 6512 --- [           main] o.hibernate.annotations.common.Version   : HCANN000001: Hibernate Commons Annotations {4.0.5.Final}
2017-03-22 23:09:45.799  INFO 6512 --- [           main] org.hibernate.dialect.Dialect            : HHH000400: Using dialect: org.hibernate.dialect.MySQLDialect
2017-03-22 23:09:45.823  INFO 6512 --- [           main] o.h.e.jdbc.internal.LobCreatorBuilder    : HHH000423: Disabling contextual LOB creation as JDBC driver reported JDBC version [3] less than 4
2017-03-22 23:09:46.075  INFO 6512 --- [           main] o.h.h.i.ast.ASTQueryTranslatorFactory    : HHH000397: Using ASTQueryTranslatorFactory
2017-03-22 23:09:46.768  INFO 6512 --- [           main] org.hibernate.tool.hbm2ddl.SchemaUpdate  : HHH000228: Running hbm2ddl schema update
2017-03-22 23:09:46.768  INFO 6512 --- [           main] org.hibernate.tool.hbm2ddl.SchemaUpdate  : HHH000102: Fetching database metadata
2017-03-22 23:09:46.768  INFO 6512 --- [           main] org.hibernate.tool.hbm2ddl.SchemaUpdate  : HHH000396: Updating schema
2017-03-22 23:09:46.836  INFO 6512 --- [           main] o.hibernate.tool.hbm2ddl.TableMetadata   : HHH000261: Table found: test.course
2017-03-22 23:09:46.836  INFO 6512 --- [           main] o.hibernate.tool.hbm2ddl.TableMetadata   : HHH000037: Columns: [course_id, coursename, course_name]
2017-03-22 23:09:46.836  INFO 6512 --- [           main] o.hibernate.tool.hbm2ddl.TableMetadata   : HHH000108: Foreign keys: []
2017-03-22 23:09:46.838  INFO 6512 --- [           main] o.hibernate.tool.hbm2ddl.TableMetadata   : HHH000126: Indexes: [primary]
2017-03-22 23:09:46.899  INFO 6512 --- [           main] o.hibernate.tool.hbm2ddl.TableMetadata   : HHH000261: Table found: test.enrollment
2017-03-22 23:09:46.899  INFO 6512 --- [           main] o.hibernate.tool.hbm2ddl.TableMetadata   : HHH000037: Columns: [course_id, student_id]
2017-03-22 23:09:46.899  INFO 6512 --- [           main] o.hibernate.tool.hbm2ddl.TableMetadata   : HHH000108: Foreign keys: [fk_81q4xon4lwv13ay3g8fxhj7f, fk_7somy0sip7pvykiu3pxju0ilb]
2017-03-22 23:09:46.899  INFO 6512 --- [           main] o.hibernate.tool.hbm2ddl.TableMetadata   : HHH000126: Indexes: [fk_7somy0sip7pvykiu3pxju0ilb, primary]
2017-03-22 23:09:46.935  INFO 6512 --- [           main] o.hibernate.tool.hbm2ddl.TableMetadata   : HHH000261: Table found: test.student
2017-03-22 23:09:46.935  INFO 6512 --- [           main] o.hibernate.tool.hbm2ddl.TableMetadata   : HHH000037: Columns: [student_name, firstname, student_id, lastname]
2017-03-22 23:09:46.939  INFO 6512 --- [           main] o.hibernate.tool.hbm2ddl.TableMetadata   : HHH000108: Foreign keys: []
2017-03-22 23:09:46.939  INFO 6512 --- [           main] o.hibernate.tool.hbm2ddl.TableMetadata   : HHH000126: Indexes: [primary]
2017-03-22 23:09:46.939  INFO 6512 --- [           main] org.hibernate.tool.hbm2ddl.SchemaUpdate  : HHH000232: Schema update complete
2017-03-22 23:09:48.768  INFO 6512 --- [           main] s.w.s.m.m.a.RequestMappingHandlerMapping : Mapped "{[/v1/api/courses/{id}],methods=[DELETE]}" onto public void com.example.controller.CourseController.deleteCourseById(java.lang.Long)
2017-03-22 23:09:48.770  INFO 6512 --- [           main] s.w.s.m.m.a.RequestMappingHandlerMapping : Mapped "{[/v1/api/courses],methods=[GET]}" onto public java.util.List<com.example.entity.Course> com.example.controller.CourseController.getCoursesList()
2017-03-22 23:09:48.770  INFO 6512 --- [           main] s.w.s.m.m.a.RequestMappingHandlerMapping : Mapped "{[/v1/api/courses],methods=[POST]}" onto public java.lang.String com.example.controller.CourseController.Course(com.example.entity.Course)
2017-03-22 23:09:48.774  INFO 6512 --- [           main] s.w.s.m.m.a.RequestMappingHandlerMapping : Mapped "{[/v1/api/],methods=[GET]}" onto public java.util.Set<com.example.entity.Student> com.example.controller.EnrollController.getStudentsBySubject(java.lang.String)
2017-03-22 23:09:48.774  INFO 6512 --- [           main] s.w.s.m.m.a.RequestMappingHandlerMapping : Mapped "{[/v1/api/enroll],methods=[POST]}" onto public java.util.Map<java.lang.String, java.lang.Long> com.example.controller.EnrollController.enrollCourse(com.example.EnrollmentRequest)
2017-03-22 23:09:48.778  INFO 6512 --- [           main] s.w.s.m.m.a.RequestMappingHandlerMapping : Mapped "{[/v1/api/students],methods=[GET]}" onto public java.util.List<com.example.entity.Student> com.example.controller.StudentController.getStudentsList()
2017-03-22 23:09:48.782  INFO 6512 --- [           main] s.w.s.m.m.a.RequestMappingHandlerMapping : Mapped "{[/v1/api/students],methods=[POST]}" onto public void com.example.controller.StudentController.addStudent(com.example.entity.Student)
2017-03-22 23:09:48.786  INFO 6512 --- [           main] s.w.s.m.m.a.RequestMappingHandlerMapping : Mapped "{[/v1/api/students/{id}],methods=[DELETE]}" onto public void com.example.controller.StudentController.deleteStudentById(java.lang.Long)
2017-03-22 23:09:48.790  INFO 6512 --- [           main] s.w.s.m.m.a.RequestMappingHandlerMapping : Mapped "{[/v2/api-docs],methods=[GET],produces=[application/json || application/hal+json]}" onto public org.springframework.http.ResponseEntity<springfox.documentation.spring.web.json.Json> springfox.documentation.swagger2.web.Swagger2Controller.getDocumentation(java.lang.String,javax.servlet.http.HttpServletRequest)
2017-03-22 23:09:48.806  INFO 6512 --- [           main] s.w.s.m.m.a.RequestMappingHandlerMapping : Mapped "{[/swagger-resources]}" onto org.springframework.http.ResponseEntity<java.util.List<springfox.documentation.swagger.web.SwaggerResource>> springfox.documentation.swagger.web.ApiResourceController.swaggerResources()
2017-03-22 23:09:48.810  INFO 6512 --- [           main] s.w.s.m.m.a.RequestMappingHandlerMapping : Mapped "{[/configuration/ui]}" onto org.springframework.http.ResponseEntity<springfox.documentation.swagger.web.UiConfiguration> springfox.documentation.swagger.web.ApiResourceController.uiConfiguration()
2017-03-22 23:09:48.814  INFO 6512 --- [           main] s.w.s.m.m.a.RequestMappingHandlerMapping : Mapped "{[/configuration/security]}" onto org.springframework.http.ResponseEntity<springfox.documentation.swagger.web.SecurityConfiguration> springfox.documentation.swagger.web.ApiResourceController.securityConfiguration()
2017-03-22 23:09:48.826  INFO 6512 --- [           main] s.w.s.m.m.a.RequestMappingHandlerMapping : Mapped "{[/error]}" onto public org.springframework.http.ResponseEntity<java.util.Map<java.lang.String, java.lang.Object>> org.springframework.boot.autoconfigure.web.BasicErrorController.error(javax.servlet.http.HttpServletRequest)
2017-03-22 23:09:48.834  INFO 6512 --- [           main] s.w.s.m.m.a.RequestMappingHandlerMapping : Mapped "{[/error],produces=[text/html]}" onto public org.springframework.web.servlet.ModelAndView org.springframework.boot.autoconfigure.web.BasicErrorController.errorHtml(javax.servlet.http.HttpServletRequest,javax.servlet.http.HttpServletResponse)
2017-03-22 23:09:49.299  INFO 6512 --- [           main] s.w.s.m.m.a.RequestMappingHandlerAdapter : Looking for @ControllerAdvice: org.springframework.web.context.support.GenericWebApplicationContext@6069db50: startup date [Wed Mar 22 23:09:38 EDT 2017]; root of context hierarchy
2017-03-22 23:09:50.629  INFO 6512 --- [           main] d.s.w.p.DocumentationPluginsBootstrapper : Context refreshed
2017-03-22 23:09:50.699  INFO 6512 --- [           main] d.s.w.p.DocumentationPluginsBootstrapper : Found 1 custom documentation plugin(s)
2017-03-22 23:09:50.721  INFO 6512 --- [           main] s.d.s.w.s.ApiListingReferenceScanner     : Scanning for api listing references
2017-03-22 23:09:51.058  INFO 6512 --- [           main] com.example.test.SampleTest              : Started SampleTest in 13.755 seconds (JVM running for 15.303)
Hibernate: select student0_.student_id as student_1_2_0_, student0_.student_name as student_2_2_0_ from student student0_ where student0_.student_id=?
]]></system-out>
  </testcase>
  <testcase name="testEnroll" classname="com.example.test.SampleTest" time="0.201"/>
  <testcase name="addCourse" classname="com.example.test.SampleTest" time="0.04"/>
</testsuite>